<?xml version="1.0" encoding="UTF-8"?>
<!-- Generated by org.testng.reporters.JUnitXMLReporter -->
<testsuite hostname="DESKTOP-8RJ2I6K" name="ArchiBus Functionality test" tests="3" failures="0" timestamp="14 Jan 2020 10:01:40 GMT" time="124.31" errors="0">
  <testcase name="loginToMyTaskPanelApplicationTest" time="12.47" classname="com.mtp.qa.uitests.LoginTest"/>
  <testcase name="createTaskTest" time="36.736" classname="com.mtp.qa.uitests.LoginTest"/>
  <testcase name="deleteTaskTest" time="18.352" classname="com.mtp.qa.uitests.LoginTest"/>
</testsuite> <!-- ArchiBus Functionality test -->
