<?xml version="1.0" encoding="UTF-8"?>
<!-- Generated by org.testng.reporters.JUnitXMLReporter -->
<testsuite hostname="DESKTOP-8RJ2I6K" name="Builder UI Tests" tests="4" failures="1" timestamp="10 May 2019 11:21:17 GMT" time="7.519" errors="0">
  <testcase name="@AfterMethod afterMainMethod" time="0.0" classname="com.eaf.qa.uitests.PrerequisiteForSM2Test">
    <failure type="java.lang.NullPointerException">
      <![CDATA[java.lang.NullPointerException
	at com.eaf.qa.uitests.BaseTest.afterMainMethod(BaseTest.java:177)
	at java.util.concurrent.ThreadPoolExecutor.runWorker(Unknown Source)
	at java.util.concurrent.ThreadPoolExecutor$Worker.run(Unknown Source)
	at java.lang.Thread.run(Unknown Source)
... Removed 12 stack frames]]>
    </failure>
  </testcase> <!-- @AfterMethod afterMainMethod -->
  <testcase name="@BeforeMethod driversetup" time="0.0" classname="com.eaf.qa.uitests.PrerequisiteForSM2Test">
    <skipped/>
  </testcase> <!-- @BeforeMethod driversetup -->
  <testcase name="@BeforeMethod initializePages" time="0.0" classname="com.eaf.qa.uitests.PrerequisiteForSM2Test">
    <skipped/>
  </testcase> <!-- @BeforeMethod initializePages -->
  <testcase name="@AfterMethod afterMainMethod" time="0.0" classname="com.eaf.qa.uitests.PrerequisiteForSM2Test">
    <failure type="java.lang.NullPointerException">
      <![CDATA[java.lang.NullPointerException
	at com.eaf.qa.uitests.BaseTest.afterMainMethod(BaseTest.java:189)
	at java.util.concurrent.ThreadPoolExecutor.runWorker(Unknown Source)
	at java.util.concurrent.ThreadPoolExecutor$Worker.run(Unknown Source)
	at java.lang.Thread.run(Unknown Source)
... Removed 12 stack frames]]>
    </failure>
  </testcase> <!-- @AfterMethod afterMainMethod -->
  <testcase name="@BeforeMethod driversetup" time="0.0" classname="com.eaf.qa.uitests.PrerequisiteForSM2Test">
    <skipped/>
  </testcase> <!-- @BeforeMethod driversetup -->
  <testcase name="@BeforeMethod initializePages" time="0.0" classname="com.eaf.qa.uitests.PrerequisiteForSM2Test">
    <skipped/>
  </testcase> <!-- @BeforeMethod initializePages -->
  <testcase name="@AfterMethod afterMainMethod" time="0.0" classname="com.eaf.qa.uitests.PrerequisiteForSM2Test">
    <failure type="java.lang.NullPointerException">
      <![CDATA[java.lang.NullPointerException
	at com.eaf.qa.uitests.BaseTest.afterMainMethod(BaseTest.java:189)
	at java.util.concurrent.ThreadPoolExecutor.runWorker(Unknown Source)
	at java.util.concurrent.ThreadPoolExecutor$Worker.run(Unknown Source)
	at java.lang.Thread.run(Unknown Source)
... Removed 12 stack frames]]>
    </failure>
  </testcase> <!-- @AfterMethod afterMainMethod -->
  <testcase name="@BeforeMethod driversetup" time="0.0" classname="com.eaf.qa.uitests.PrerequisiteForSM2Test">
    <skipped/>
  </testcase> <!-- @BeforeMethod driversetup -->
  <testcase name="@BeforeMethod initializePages" time="0.0" classname="com.eaf.qa.uitests.PrerequisiteForSM2Test">
    <skipped/>
  </testcase> <!-- @BeforeMethod initializePages -->
  <testcase name="@AfterMethod afterMainMethod" time="0.0" classname="com.eaf.qa.uitests.PrerequisiteForSM2Test">
    <failure type="java.lang.NullPointerException">
      <![CDATA[java.lang.NullPointerException
	at com.eaf.qa.uitests.BaseTest.afterMainMethod(BaseTest.java:189)
	at java.util.concurrent.ThreadPoolExecutor.runWorker(Unknown Source)
	at java.util.concurrent.ThreadPoolExecutor$Worker.run(Unknown Source)
	at java.lang.Thread.run(Unknown Source)
... Removed 12 stack frames]]>
    </failure>
  </testcase> <!-- @AfterMethod afterMainMethod -->
  <testcase name="PrerequisiteToAddVehicleForWorkOrders" time="0.0" classname="com.eaf.qa.uitests.PrerequisiteForSM2Test">
    <failure type="java.lang.NullPointerException">
      <![CDATA[java.lang.NullPointerException
	at com.eaf.qa.uitests.PrerequisiteForSM2Test.PrerequisiteToAddVehicleForWorkOrders(PrerequisiteForSM2Test.java:52)
	at java.util.concurrent.ThreadPoolExecutor.runWorker(Unknown Source)
	at java.util.concurrent.ThreadPoolExecutor$Worker.run(Unknown Source)
	at java.lang.Thread.run(Unknown Source)
... Removed 10 stack frames]]>
    </failure>
  </testcase> <!-- PrerequisiteToAddVehicleForWorkOrders -->
  <testcase name="PrerequisiteToAddUserForWorkOrders" time="0.0" classname="com.eaf.qa.uitests.PrerequisiteForSM2Test">
    <skipped/>
  </testcase> <!-- PrerequisiteToAddUserForWorkOrders -->
  <testcase name="AddWorkOrders" time="0.012" classname="com.eaf.qa.uitests.PrerequisiteForSM2Test">
    <skipped/>
  </testcase> <!-- AddWorkOrders -->
  <testcase name="AddDevices" time="0.004" classname="com.eaf.qa.uitests.PrerequisiteForSM2Test">
    <skipped/>
  </testcase> <!-- AddDevices -->
</testsuite> <!-- Builder UI Tests -->
